<testsuite tests="4">
  <testcase classname="ab_TileWall_Tests" name="TestGetAll" time="74" />
  <testcase classname="ab_TileWall_Tests" name="TestSOQLQuery" time="30" />
  <testcase classname="ab_TileWall_Tests" name="TestSOQLQuerySearch" time="57" />
  <testcase classname="ab_TileWall_Tests" name="TestSearch" time="11" />
</testsuite>