<testsuite tests="4">
  <testcase classname="ab_TileWall_Tests" name="TestGetAll" time="54" />
  <testcase classname="ab_TileWall_Tests" name="TestSOQLQuery" time="31" />
  <testcase classname="ab_TileWall_Tests" name="TestSOQLQuerySearch" time="58" />
  <testcase classname="ab_TileWall_Tests" name="TestSearch" time="15" />
</testsuite>